<?xml version="1.0" encoding="UTF-8"?>
<Site BuildName="(empty)"
	BuildStamp="20240131-1115-Experimental"
	Name="(empty)"
	Generator="ctest-3.28.1"
	CompilerName=""
	CompilerVersion=""
	OSName="Linux"
	Hostname="arsh"
	OSRelease="6.7.1-zen1-1-zen"
	OSVersion="#1 ZEN SMP PREEMPT_DYNAMIC Sun, 21 Jan 2024 22:13:51 +0000"
	OSPlatform="x86_64"
	Is64Bits="1"
	VendorString="GenuineIntel"
	VendorID="Intel Corporation"
	FamilyID="6"
	ModelID="60"
	ProcessorCacheSize="6144"
	NumberOfLogicalCPU="4"
	NumberOfPhysicalCPU="4"
	TotalVirtualMemory="8191"
	TotalPhysicalMemory="6849"
	LogicalProcessorsPerPhysical="1"
	ProcessorClockFrequency="3395.19"
	>
	<Testing>
		<StartDateTime>Jan 31 13:33 EET</StartDateTime>
		<StartTestTime>1706700835</StartTestTime>
		<TestList/>
		<EndDateTime>Jan 31 13:33 EET</EndDateTime>
		<EndTestTime>1706700835</EndTestTime>
		<ElapsedMinutes>0</ElapsedMinutes>
	</Testing>
</Site>
